13:02:31.797 [main] WARN  c.l.a.i.c.util.TransportTypeProvider - Inconsistent Netty versions detected: {netty-buffer=netty-buffer-4.1.110.Final.2e218bbd0a, netty-codec=netty-codec-4.1.110.Final.2e218bbd0a, netty-codec-dns=netty-codec-dns-4.1.110.Final.2e218bbd0a, netty-codec-haproxy=netty-codec-haproxy-4.1.110.Final.2e218bb (repository: dirty), netty-codec-http=netty-codec-http-4.1.110.Final.2e218bbd0a, netty-codec-http2=netty-codec-http2-4.1.110.Final.2e218bb (repository: dirty), netty-codec-mqtt=netty-codec-mqtt-4.1.92.Final.acc3525 (repository: dirty), netty-codec-socks=netty-codec-socks-4.1.110.Final.2e218bb (repository: dirty), netty-common=netty-common-4.1.110.Final.2e218bbd0a, netty-handler=netty-handler-4.1.110.Final.2e218bbd0a, netty-handler-proxy=netty-handler-proxy-4.1.110.Final.2e218bb (repository: dirty), netty-resolver=netty-resolver-4.1.110.Final.2e218bbd0a, netty-resolver-dns=netty-resolver-dns-4.1.110.Final.2e218bbd0a, netty-resolver-dns-classes-macos=netty-resolver-dns-classes-macos-4.1.110.Final.2e218bbd0a, netty-resolver-dns-native-macos=netty-resolver-dns-native-macos-4.1.110.Final.2e218bbd0a, netty-transport=netty-transport-4.1.110.Final.2e218bbd0a, netty-transport-classes-epoll=netty-transport-classes-epoll-4.1.110.Final.2e218bb (repository: dirty), netty-transport-classes-kqueue=netty-transport-classes-kqueue-4.1.110.Final.2e218bbd0a, netty-transport-native-epoll=netty-transport-native-epoll-4.1.110.Final.2e218bb (repository: dirty), netty-transport-native-kqueue=netty-transport-native-kqueue-4.1.110.Final.2e218bbd0a, netty-transport-native-unix-common=netty-transport-native-unix-common-4.1.110.Final.2e218bbd0a} This means 1) you specified Netty versions inconsistently in your build or 2) the Netty JARs in the classpath were repackaged or shaded incorrectly. Specify the '-Dcom.linecorp.armeria.warnNettyVersions=false' JVM option to disable this warning at the risk of unexpected Netty behavior, if you think it is a false positive.
13:02:32.895 [main] DEBUG com.intuit.karate.http.HttpServer - server started: nttd-680kgk3:8080
13:02:35.432 [armeria-common-worker-nio-3-2] DEBUG com.intuit.karate.http.RequestCycle - GET /api/reset 200 [1160 ms]
13:03:07.547 [armeria-common-worker-nio-3-3] DEBUG com.intuit.karate.http.RequestCycle - POST /api/todos 200 [79 ms]
13:03:07.607 [armeria-common-worker-nio-3-4] DEBUG com.intuit.karate.http.RequestCycle - GET /api/todos/7122bc0c-cea2-4771-bb89-a467f53e7829 200 [20 ms]
13:03:07.637 [armeria-common-worker-nio-3-5] DEBUG com.intuit.karate.http.RequestCycle - POST /api/todos 200 [16 ms]
13:03:07.664 [armeria-common-worker-nio-3-6] DEBUG com.intuit.karate.http.RequestCycle - POST /api/todos 200 [14 ms]
13:03:07.685 [armeria-common-worker-nio-3-7] DEBUG com.intuit.karate.http.RequestCycle - GET /api/todos 200 [11 ms]
13:03:07.720 [armeria-common-worker-nio-3-8] DEBUG com.intuit.karate.http.RequestCycle - PUT /api/todos/7122bc0c-cea2-4771-bb89-a467f53e7829 200 [15 ms]
13:03:07.740 [armeria-common-worker-nio-3-9] DEBUG com.intuit.karate.http.RequestCycle - GET /api/reset 200 [11 ms]
13:09:23.383 [armeria-common-worker-nio-3-11] DEBUG com.intuit.karate.http.RequestCycle - GET /api/reset 200 [14 ms]
13:09:36.403 [armeria-common-worker-nio-3-12] DEBUG com.intuit.karate.http.RequestCycle - POST /api/todos 200 [12 ms]
13:09:36.467 [armeria-common-worker-nio-3-13] DEBUG com.intuit.karate.http.RequestCycle - GET /api/todos/e1c3e3c3-c518-4a99-8769-27aea477b256 200 [19 ms]
13:09:36.498 [armeria-common-worker-nio-3-14] DEBUG com.intuit.karate.http.RequestCycle - POST /api/todos 200 [16 ms]
13:09:36.527 [armeria-common-worker-nio-3-15] DEBUG com.intuit.karate.http.RequestCycle - POST /api/todos 200 [13 ms]
13:09:36.554 [armeria-common-worker-nio-3-16] DEBUG com.intuit.karate.http.RequestCycle - GET /api/todos 200 [10 ms]
13:09:36.582 [armeria-common-worker-nio-3-1] DEBUG com.intuit.karate.http.RequestCycle - PUT /api/todos/e1c3e3c3-c518-4a99-8769-27aea477b256 200 [11 ms]
13:47:47.732 [armeria-common-worker-nio-3-2] DEBUG com.intuit.karate.http.RequestCycle - POST /api/todos 200 [17 ms]
13:47:47.737 [armeria-common-worker-nio-3-3] DEBUG com.intuit.karate.http.RequestCycle - POST /api/todos 200 [23 ms]
13:47:47.788 [armeria-common-worker-nio-3-4] DEBUG com.intuit.karate.http.RequestCycle - PUT /api/todos/434f516d-4cfc-4aae-97a9-6112531e82dd 200 [16 ms]
13:47:47.795 [armeria-common-worker-nio-3-5] DEBUG com.intuit.karate.http.RequestCycle - GET /api/todos/968c42c8-c14a-4a8f-9bf0-f331e436ec09 200 [15 ms]
13:47:47.885 [armeria-common-worker-nio-3-6] DEBUG com.intuit.karate.http.RequestCycle - DELETE /api/todos/434f516d-4cfc-4aae-97a9-6112531e82dd 200 [82 ms]
13:47:47.889 [armeria-common-worker-nio-3-7] DEBUG com.intuit.karate.http.RequestCycle - POST /api/todos 200 [74 ms]
13:47:47.908 [armeria-common-worker-nio-3-8] DEBUG com.intuit.karate.http.RequestCycle - POST /api/todos 200 [9 ms]
13:47:47.934 [armeria-common-worker-nio-3-9] DEBUG com.intuit.karate.http.RequestCycle - GET /api/todos 200 [15 ms]
13:47:59.865 [armeria-common-worker-nio-3-10] DEBUG com.intuit.karate.http.RequestCycle - GET / 200 [494 ms]
13:48:00.667 [armeria-common-worker-nio-3-10] DEBUG com.intuit.karate.http.RequestCycle - POST /main 200 [76 ms]
13:48:01.481 [armeria-common-worker-nio-3-10] DEBUG com.intuit.karate.http.RequestCycle - POST /main 200 [28 ms]
13:48:35.118 [armeria-common-worker-nio-3-12] DEBUG com.intuit.karate.http.RequestCycle - GET /api/reset 200 [14 ms]
13:48:44.554 [armeria-common-worker-nio-3-14] DEBUG com.intuit.karate.http.RequestCycle - POST /api/todos 200 [10 ms]
13:48:44.556 [armeria-common-worker-nio-3-13] DEBUG com.intuit.karate.http.RequestCycle - POST /api/todos 200 [12 ms]
13:48:44.606 [armeria-common-worker-nio-3-15] DEBUG com.intuit.karate.http.RequestCycle - PUT /api/todos/ef180172-b491-4e13-b8aa-829a723c5a42 200 [11 ms]
13:48:44.619 [armeria-common-worker-nio-3-16] DEBUG com.intuit.karate.http.RequestCycle - GET /api/todos/2313c810-821c-489f-83e0-6e731f6d5b18 200 [14 ms]
13:48:44.632 [armeria-common-worker-nio-3-1] DEBUG com.intuit.karate.http.RequestCycle - DELETE /api/todos/ef180172-b491-4e13-b8aa-829a723c5a42 200 [15 ms]
13:48:44.652 [armeria-common-worker-nio-3-2] DEBUG com.intuit.karate.http.RequestCycle - POST /api/todos 200 [18 ms]
13:48:44.674 [armeria-common-worker-nio-3-3] DEBUG com.intuit.karate.http.RequestCycle - POST /api/todos 200 [11 ms]
13:48:44.697 [armeria-common-worker-nio-3-4] DEBUG com.intuit.karate.http.RequestCycle - GET /api/todos 200 [14 ms]
13:57:26.556 [armeria-common-worker-nio-3-6] DEBUG com.intuit.karate.http.RequestCycle - GET /api/reset 200 [9 ms]
13:57:36.530 [armeria-common-worker-nio-3-7] DEBUG com.intuit.karate.http.RequestCycle - POST /api/todos 200 [8 ms]
13:57:36.534 [armeria-common-worker-nio-3-8] DEBUG com.intuit.karate.http.RequestCycle - POST /api/todos 200 [12 ms]
13:57:36.579 [armeria-common-worker-nio-3-9] DEBUG com.intuit.karate.http.RequestCycle - PUT /api/todos/be2549c1-79e9-482f-9460-3b63c8ba5713 200 [10 ms]
13:57:36.587 [armeria-common-worker-nio-3-10] DEBUG com.intuit.karate.http.RequestCycle - GET /api/todos/ca6d7e84-372f-4349-8176-d9812f93af76 200 [8 ms]
13:57:36.601 [armeria-common-worker-nio-3-11] DEBUG com.intuit.karate.http.RequestCycle - DELETE /api/todos/be2549c1-79e9-482f-9460-3b63c8ba5713 200 [11 ms]
13:57:36.610 [armeria-common-worker-nio-3-12] DEBUG com.intuit.karate.http.RequestCycle - POST /api/todos 200 [8 ms]
13:57:36.626 [armeria-common-worker-nio-3-13] DEBUG com.intuit.karate.http.RequestCycle - POST /api/todos 200 [7 ms]
13:57:36.640 [armeria-common-worker-nio-3-14] DEBUG com.intuit.karate.http.RequestCycle - GET /api/todos 200 [7 ms]
13:57:48.303 [armeria-common-worker-nio-3-15] DEBUG com.intuit.karate.http.RequestCycle - GET / 200 [71 ms]
13:57:50.442 [armeria-common-worker-nio-3-16] DEBUG com.intuit.karate.http.RequestCycle - POST /api/todos 200 [8 ms]
13:57:50.444 [armeria-common-worker-nio-3-1] DEBUG com.intuit.karate.http.RequestCycle - POST /api/todos 200 [10 ms]
13:57:50.498 [armeria-common-worker-nio-3-2] DEBUG com.intuit.karate.http.RequestCycle - PUT /api/todos/2b83aa85-31bb-4c92-ba8f-c99a5d5e578d 200 [10 ms]
13:57:50.508 [armeria-common-worker-nio-3-3] DEBUG com.intuit.karate.http.RequestCycle - GET /api/todos/40d0a55c-581b-45b0-9f6f-63c089f9a695 200 [10 ms]
13:57:50.522 [armeria-common-worker-nio-3-4] DEBUG com.intuit.karate.http.RequestCycle - DELETE /api/todos/2b83aa85-31bb-4c92-ba8f-c99a5d5e578d 200 [11 ms]
13:57:50.534 [armeria-common-worker-nio-3-5] DEBUG com.intuit.karate.http.RequestCycle - POST /api/todos 200 [12 ms]
13:57:50.557 [armeria-common-worker-nio-3-6] DEBUG com.intuit.karate.http.RequestCycle - POST /api/todos 200 [9 ms]
13:57:50.579 [armeria-common-worker-nio-3-7] DEBUG com.intuit.karate.http.RequestCycle - GET /api/todos 200 [11 ms]
13:57:50.625 [armeria-common-worker-nio-3-8] DEBUG com.intuit.karate.http.RequestCycle - GET /api/reset 200 [12 ms]
13:57:52.656 [armeria-common-worker-nio-3-15] DEBUG com.intuit.karate.http.RequestCycle - GET / 200 [25 ms]
13:57:53.897 [armeria-common-worker-nio-3-15] DEBUG com.intuit.karate.http.RequestCycle - GET / 200 [19 ms]
13:57:54.676 [armeria-common-worker-nio-3-15] DEBUG com.intuit.karate.http.RequestCycle - GET / 200 [24 ms]
13:58:45.141 [armeria-common-worker-nio-3-9] DEBUG com.intuit.karate.http.RequestCycle - GET / 200 [24 ms]
13:58:54.212 [armeria-common-worker-nio-3-11] DEBUG com.intuit.karate.http.RequestCycle - POST /api/todos 200 [7 ms]
13:58:54.214 [armeria-common-worker-nio-3-10] DEBUG com.intuit.karate.http.RequestCycle - POST /api/todos 200 [9 ms]
13:58:54.267 [armeria-common-worker-nio-3-12] DEBUG com.intuit.karate.http.RequestCycle - PUT /api/todos/b530119d-f78d-4e2a-842b-5201676734e5 200 [11 ms]
13:58:54.276 [armeria-common-worker-nio-3-13] DEBUG com.intuit.karate.http.RequestCycle - GET /api/todos/bd496919-d2c6-4f06-9d84-982be42e3144 200 [9 ms]
13:58:54.288 [armeria-common-worker-nio-3-14] DEBUG com.intuit.karate.http.RequestCycle - DELETE /api/todos/b530119d-f78d-4e2a-842b-5201676734e5 200 [10 ms]
13:58:54.299 [armeria-common-worker-nio-3-15] DEBUG com.intuit.karate.http.RequestCycle - POST /api/todos 200 [10 ms]
13:58:54.316 [armeria-common-worker-nio-3-16] DEBUG com.intuit.karate.http.RequestCycle - POST /api/todos 200 [8 ms]
13:58:54.328 [armeria-common-worker-nio-3-1] DEBUG com.intuit.karate.http.RequestCycle - GET /api/todos 200 [6 ms]
13:58:54.350 [armeria-common-worker-nio-3-2] DEBUG com.intuit.karate.http.RequestCycle - GET /api/reset 200 [6 ms]
13:59:12.993 [armeria-common-worker-nio-3-3] DEBUG com.intuit.karate.http.RequestCycle - GET / 200 [17 ms]
13:59:23.408 [armeria-common-worker-nio-3-5] DEBUG com.intuit.karate.http.RequestCycle - POST /api/todos 200 [7 ms]
13:59:23.410 [armeria-common-worker-nio-3-4] DEBUG com.intuit.karate.http.RequestCycle - POST /api/todos 200 [9 ms]
13:59:23.455 [armeria-common-worker-nio-3-6] DEBUG com.intuit.karate.http.RequestCycle - PUT /api/todos/61342926-51cc-4c69-9377-7993a5c49622 200 [9 ms]
13:59:23.484 [armeria-common-worker-nio-3-7] DEBUG com.intuit.karate.http.RequestCycle - DELETE /api/todos/61342926-51cc-4c69-9377-7993a5c49622 200 [17 ms]
13:59:57.616 [armeria-common-worker-nio-3-8] DEBUG com.intuit.karate.http.RequestCycle - GET / 200 [23 ms]
14:00:02.470 [armeria-common-worker-nio-3-10] DEBUG com.intuit.karate.http.RequestCycle - GET /api/reset 200 [7 ms]
14:00:13.002 [armeria-common-worker-nio-3-11] DEBUG com.intuit.karate.http.RequestCycle - POST /api/todos 200 [10 ms]
14:00:13.004 [armeria-common-worker-nio-3-12] DEBUG com.intuit.karate.http.RequestCycle - POST /api/todos 200 [12 ms]
14:00:13.061 [armeria-common-worker-nio-3-13] DEBUG com.intuit.karate.http.RequestCycle - PUT /api/todos/28ba9ca6-b8b3-4a9a-bef1-1159758abc46 200 [11 ms]
14:00:13.071 [armeria-common-worker-nio-3-14] DEBUG com.intuit.karate.http.RequestCycle - GET /api/todos/461ae3c7-5f03-4b7c-a3ee-057869dea018 200 [9 ms]
14:00:13.081 [armeria-common-worker-nio-3-15] DEBUG com.intuit.karate.http.RequestCycle - DELETE /api/todos/28ba9ca6-b8b3-4a9a-bef1-1159758abc46 200 [11 ms]
14:00:13.098 [armeria-common-worker-nio-3-16] DEBUG com.intuit.karate.http.RequestCycle - POST /api/todos 200 [10 ms]
14:00:13.118 [armeria-common-worker-nio-3-1] DEBUG com.intuit.karate.http.RequestCycle - POST /api/todos 200 [9 ms]
14:00:13.135 [armeria-common-worker-nio-3-2] DEBUG com.intuit.karate.http.RequestCycle - GET /api/todos 200 [6 ms]
14:00:13.167 [armeria-common-worker-nio-3-3] DEBUG com.intuit.karate.http.RequestCycle - GET /api/reset 200 [11 ms]
14:02:14.799 [armeria-common-worker-nio-3-4] DEBUG com.intuit.karate.http.RequestCycle - GET / 200 [22 ms]
14:02:24.233 [armeria-common-worker-nio-3-5] DEBUG com.intuit.karate.http.RequestCycle - POST /api/todos 200 [7 ms]
14:02:24.235 [armeria-common-worker-nio-3-6] DEBUG com.intuit.karate.http.RequestCycle - POST /api/todos 200 [9 ms]
14:02:24.278 [armeria-common-worker-nio-3-7] DEBUG com.intuit.karate.http.RequestCycle - PUT /api/todos/cf7d5d24-9dc2-4c90-8bd6-7945be07c0fe 200 [11 ms]
14:02:24.297 [armeria-common-worker-nio-3-8] DEBUG com.intuit.karate.http.RequestCycle - DELETE /api/todos/cf7d5d24-9dc2-4c90-8bd6-7945be07c0fe 200 [8 ms]
14:04:35.490 [armeria-common-worker-nio-3-9] DEBUG com.intuit.karate.http.RequestCycle - GET / 200 [25 ms]
14:04:37.231 [armeria-common-worker-nio-3-9] DEBUG com.intuit.karate.http.RequestCycle - POST /main 200 [27 ms]
14:04:37.907 [armeria-common-worker-nio-3-9] DEBUG com.intuit.karate.http.RequestCycle - POST /main 200 [15 ms]
14:05:04.027 [armeria-common-worker-nio-3-10] DEBUG com.intuit.karate.http.RequestCycle - POST /api/todos 200 [6 ms]
14:05:04.031 [armeria-common-worker-nio-3-11] DEBUG com.intuit.karate.http.RequestCycle - POST /api/todos 200 [10 ms]
14:05:04.078 [armeria-common-worker-nio-3-12] DEBUG com.intuit.karate.http.RequestCycle - PUT /api/todos/efb22a51-7e78-4211-9196-f33df447c059 200 [8 ms]
14:05:04.089 [armeria-common-worker-nio-3-13] DEBUG com.intuit.karate.http.RequestCycle - GET /api/todos/57c6b8a1-1882-4199-a043-91b7f65da1cc 200 [11 ms]
14:05:04.101 [armeria-common-worker-nio-3-14] DEBUG com.intuit.karate.http.RequestCycle - DELETE /api/todos/efb22a51-7e78-4211-9196-f33df447c059 200 [11 ms]
14:05:04.114 [armeria-common-worker-nio-3-15] DEBUG com.intuit.karate.http.RequestCycle - POST /api/todos 200 [7 ms]
14:05:04.139 [armeria-common-worker-nio-3-16] DEBUG com.intuit.karate.http.RequestCycle - POST /api/todos 200 [11 ms]
14:05:04.156 [armeria-common-worker-nio-3-1] DEBUG com.intuit.karate.http.RequestCycle - GET /api/todos 200 [8 ms]
14:05:24.236 [armeria-common-worker-nio-3-3] DEBUG com.intuit.karate.http.RequestCycle - GET /api/reset 200 [6 ms]
14:05:33.694 [armeria-common-worker-nio-3-4] DEBUG com.intuit.karate.http.RequestCycle - POST /api/todos 200 [6 ms]
14:05:33.696 [armeria-common-worker-nio-3-5] DEBUG com.intuit.karate.http.RequestCycle - POST /api/todos 200 [8 ms]
14:05:33.734 [armeria-common-worker-nio-3-6] DEBUG com.intuit.karate.http.RequestCycle - PUT /api/todos/8cc5adbe-0e07-4541-970a-473a30b9c702 200 [7 ms]
14:05:33.743 [armeria-common-worker-nio-3-7] DEBUG com.intuit.karate.http.RequestCycle - GET /api/todos/c9756a6d-c32b-4876-9006-da743471a00a 200 [6 ms]
14:05:33.751 [armeria-common-worker-nio-3-8] DEBUG com.intuit.karate.http.RequestCycle - DELETE /api/todos/8cc5adbe-0e07-4541-970a-473a30b9c702 200 [9 ms]
14:05:33.761 [armeria-common-worker-nio-3-9] DEBUG com.intuit.karate.http.RequestCycle - POST /api/todos 200 [6 ms]
14:05:33.774 [armeria-common-worker-nio-3-10] DEBUG com.intuit.karate.http.RequestCycle - POST /api/todos 200 [5 ms]
14:05:33.787 [armeria-common-worker-nio-3-11] DEBUG com.intuit.karate.http.RequestCycle - GET /api/todos 200 [6 ms]
14:05:33.809 [armeria-common-worker-nio-3-12] DEBUG com.intuit.karate.http.RequestCycle - GET /api/reset 200 [5 ms]
14:06:21.641 [armeria-common-worker-nio-3-13] DEBUG com.intuit.karate.http.RequestCycle - GET / 200 [25 ms]
14:06:25.672 [armeria-common-worker-nio-3-15] DEBUG com.intuit.karate.http.RequestCycle - POST /api/todos 200 [6 ms]
14:06:25.674 [armeria-common-worker-nio-3-14] DEBUG com.intuit.karate.http.RequestCycle - POST /api/todos 200 [8 ms]
14:06:25.721 [armeria-common-worker-nio-3-16] DEBUG com.intuit.karate.http.RequestCycle - PUT /api/todos/ecb15daf-7f57-4627-8192-28f828920ab8 200 [7 ms]
14:06:25.730 [armeria-common-worker-nio-3-1] DEBUG com.intuit.karate.http.RequestCycle - GET /api/todos/685f809e-e280-497a-812d-419d5418aba2 200 [8 ms]
14:06:25.739 [armeria-common-worker-nio-3-2] DEBUG com.intuit.karate.http.RequestCycle - DELETE /api/todos/ecb15daf-7f57-4627-8192-28f828920ab8 200 [10 ms]
14:06:25.749 [armeria-common-worker-nio-3-3] DEBUG com.intuit.karate.http.RequestCycle - POST /api/todos 200 [6 ms]
14:06:25.767 [armeria-common-worker-nio-3-4] DEBUG com.intuit.karate.http.RequestCycle - POST /api/todos 200 [9 ms]
14:06:25.781 [armeria-common-worker-nio-3-5] DEBUG com.intuit.karate.http.RequestCycle - GET /api/todos 200 [8 ms]
14:06:25.807 [armeria-common-worker-nio-3-6] DEBUG com.intuit.karate.http.RequestCycle - GET /api/reset 200 [6 ms]
14:06:41.970 [armeria-common-worker-nio-3-7] DEBUG com.intuit.karate.http.RequestCycle - POST /api/todos 200 [6 ms]
14:06:41.971 [armeria-common-worker-nio-3-8] DEBUG com.intuit.karate.http.RequestCycle - POST /api/todos 200 [7 ms]
14:06:42.021 [armeria-common-worker-nio-3-9] DEBUG com.intuit.karate.http.RequestCycle - PUT /api/todos/b061c9c2-04f6-4002-a270-4f4e48a11d65 200 [8 ms]
14:06:42.034 [armeria-common-worker-nio-3-10] DEBUG com.intuit.karate.http.RequestCycle - GET /api/todos/dce830dc-858f-4924-a103-c50dd4297af3 200 [10 ms]
14:06:42.045 [armeria-common-worker-nio-3-11] DEBUG com.intuit.karate.http.RequestCycle - DELETE /api/todos/b061c9c2-04f6-4002-a270-4f4e48a11d65 200 [12 ms]
14:06:42.057 [armeria-common-worker-nio-3-12] DEBUG com.intuit.karate.http.RequestCycle - POST /api/todos 200 [6 ms]
14:06:42.077 [armeria-common-worker-nio-3-13] DEBUG com.intuit.karate.http.RequestCycle - POST /api/todos 200 [9 ms]
14:06:42.092 [armeria-common-worker-nio-3-14] DEBUG com.intuit.karate.http.RequestCycle - GET /api/todos 200 [8 ms]
14:06:42.124 [armeria-common-worker-nio-3-15] DEBUG com.intuit.karate.http.RequestCycle - GET /api/reset 200 [8 ms]
14:07:10.987 [armeria-common-worker-nio-3-16] DEBUG com.intuit.karate.http.RequestCycle - GET / 200 [27 ms]
14:07:12.327 [armeria-common-worker-nio-3-16] DEBUG com.intuit.karate.http.RequestCycle - GET / 200 [17 ms]
14:07:20.216 [armeria-common-worker-nio-3-2] DEBUG com.intuit.karate.http.RequestCycle - POST /api/todos 200 [6 ms]
14:07:20.218 [armeria-common-worker-nio-3-1] DEBUG com.intuit.karate.http.RequestCycle - POST /api/todos 200 [8 ms]
14:07:20.272 [armeria-common-worker-nio-3-3] DEBUG com.intuit.karate.http.RequestCycle - PUT /api/todos/972fc06d-55d9-4944-bb58-f2cf9ac05ce0 200 [8 ms]
14:07:20.286 [armeria-common-worker-nio-3-4] DEBUG com.intuit.karate.http.RequestCycle - GET /api/todos/8f2e7729-4267-49b7-9f6f-df3eb729cc4c 200 [10 ms]
14:07:20.295 [armeria-common-worker-nio-3-5] DEBUG com.intuit.karate.http.RequestCycle - DELETE /api/todos/972fc06d-55d9-4944-bb58-f2cf9ac05ce0 200 [12 ms]
14:07:20.315 [armeria-common-worker-nio-3-6] DEBUG com.intuit.karate.http.RequestCycle - POST /api/todos 200 [9 ms]
14:07:20.333 [armeria-common-worker-nio-3-7] DEBUG com.intuit.karate.http.RequestCycle - POST /api/todos 200 [7 ms]
14:07:20.349 [armeria-common-worker-nio-3-8] DEBUG com.intuit.karate.http.RequestCycle - GET /api/todos 200 [8 ms]
14:07:20.382 [armeria-common-worker-nio-3-9] DEBUG com.intuit.karate.http.RequestCycle - GET /api/reset 200 [9 ms]
15:44:37.943 [armeria-common-worker-nio-3-10] DEBUG com.intuit.karate.http.RequestCycle - GET / 200 [15 ms]
15:44:49.493 [armeria-common-worker-nio-3-12] DEBUG com.intuit.karate.http.RequestCycle - POST /api/todos 200 [9 ms]
15:44:49.495 [armeria-common-worker-nio-3-11] DEBUG com.intuit.karate.http.RequestCycle - POST /api/todos 200 [11 ms]
15:44:49.548 [armeria-common-worker-nio-3-13] DEBUG com.intuit.karate.http.RequestCycle - PUT /api/todos/ceda791d-ed50-414e-8f08-825e0722f9a1 200 [11 ms]
15:44:49.555 [armeria-common-worker-nio-3-14] DEBUG com.intuit.karate.http.RequestCycle - GET /api/todos/3c8be3ec-c443-4530-9ec4-2cf3e276385a 200 [9 ms]
15:44:49.566 [armeria-common-worker-nio-3-15] DEBUG com.intuit.karate.http.RequestCycle - DELETE /api/todos/ceda791d-ed50-414e-8f08-825e0722f9a1 200 [8 ms]
15:44:49.575 [armeria-common-worker-nio-3-16] DEBUG com.intuit.karate.http.RequestCycle - POST /api/todos 200 [6 ms]
15:44:49.589 [armeria-common-worker-nio-3-1] DEBUG com.intuit.karate.http.RequestCycle - POST /api/todos 200 [6 ms]
15:44:49.603 [armeria-common-worker-nio-3-2] DEBUG com.intuit.karate.http.RequestCycle - GET /api/todos 200 [6 ms]
15:44:49.627 [armeria-common-worker-nio-3-3] DEBUG com.intuit.karate.http.RequestCycle - GET /api/reset 200 [5 ms]
16:35:56.500 [armeria-common-worker-nio-3-5] DEBUG com.intuit.karate.http.RequestCycle - GET /api/reset 200 [70 ms]
16:40:54.283 [armeria-common-worker-nio-3-7] DEBUG com.intuit.karate.http.RequestCycle - POST /api/todos 200 [21 ms]
16:40:54.287 [armeria-common-worker-nio-3-6] DEBUG com.intuit.karate.http.RequestCycle - POST /api/todos 200 [25 ms]
16:40:54.360 [armeria-common-worker-nio-3-8] DEBUG com.intuit.karate.http.RequestCycle - PUT /api/todos/1044a908-1b32-4e30-997f-abd2e57cd09f 200 [16 ms]
16:40:54.367 [armeria-common-worker-nio-3-9] DEBUG com.intuit.karate.http.RequestCycle - GET /api/todos/5540206b-09df-4a7e-9d27-03646a3f31f5 200 [16 ms]
16:40:54.390 [armeria-common-worker-nio-3-10] DEBUG com.intuit.karate.http.RequestCycle - DELETE /api/todos/1044a908-1b32-4e30-997f-abd2e57cd09f 200 [16 ms]
16:40:54.397 [armeria-common-worker-nio-3-11] DEBUG com.intuit.karate.http.RequestCycle - POST /api/todos 200 [13 ms]
16:40:54.419 [armeria-common-worker-nio-3-12] DEBUG com.intuit.karate.http.RequestCycle - POST /api/todos 200 [9 ms]
16:40:54.441 [armeria-common-worker-nio-3-13] DEBUG com.intuit.karate.http.RequestCycle - GET /api/todos 200 [10 ms]
16:40:54.476 [armeria-common-worker-nio-3-14] DEBUG com.intuit.karate.http.RequestCycle - GET /api/reset 200 [10 ms]
16:41:02.317 [armeria-common-worker-nio-3-15] DEBUG com.intuit.karate.http.RequestCycle - GET / 200 [33 ms]
16:41:15.828 [armeria-common-worker-nio-3-16] DEBUG com.intuit.karate.http.RequestCycle - POST /api/todos 200 [10 ms]
16:41:15.831 [armeria-common-worker-nio-3-1] DEBUG com.intuit.karate.http.RequestCycle - POST /api/todos 200 [13 ms]
16:41:15.869 [armeria-common-worker-nio-3-2] DEBUG com.intuit.karate.http.RequestCycle - PUT /api/todos/0c3d54fd-d25e-4132-b971-7906fb2616cf 200 [9 ms]
16:41:15.876 [armeria-common-worker-nio-3-3] DEBUG com.intuit.karate.http.RequestCycle - GET /api/todos/f125d0ea-5fef-4921-b164-2541b5a020af 200 [8 ms]
16:41:15.888 [armeria-common-worker-nio-3-4] DEBUG com.intuit.karate.http.RequestCycle - DELETE /api/todos/0c3d54fd-d25e-4132-b971-7906fb2616cf 200 [10 ms]
16:41:15.899 [armeria-common-worker-nio-3-5] DEBUG com.intuit.karate.http.RequestCycle - POST /api/todos 200 [11 ms]
16:41:15.917 [armeria-common-worker-nio-3-6] DEBUG com.intuit.karate.http.RequestCycle - POST /api/todos 200 [8 ms]
16:41:15.933 [armeria-common-worker-nio-3-7] DEBUG com.intuit.karate.http.RequestCycle - GET /api/todos 200 [8 ms]
16:41:15.979 [armeria-common-worker-nio-3-8] DEBUG com.intuit.karate.http.RequestCycle - GET /api/reset 200 [28 ms]
16:42:22.370 [armeria-common-worker-nio-3-10] DEBUG com.intuit.karate.http.RequestCycle - POST /api/todos 200 [7 ms]
16:42:22.373 [armeria-common-worker-nio-3-9] DEBUG com.intuit.karate.http.RequestCycle - POST /api/todos 200 [10 ms]
16:42:22.426 [armeria-common-worker-nio-3-11] DEBUG com.intuit.karate.http.RequestCycle - PUT /api/todos/f422ff4f-8531-492f-a627-5bcf35bef4a0 200 [10 ms]
16:42:22.435 [armeria-common-worker-nio-3-12] DEBUG com.intuit.karate.http.RequestCycle - GET /api/todos/605b9aa7-ea26-4183-8fcf-f55299e1769e 200 [10 ms]
16:42:22.449 [armeria-common-worker-nio-3-13] DEBUG com.intuit.karate.http.RequestCycle - DELETE /api/todos/f422ff4f-8531-492f-a627-5bcf35bef4a0 200 [12 ms]
16:42:22.469 [armeria-common-worker-nio-3-14] DEBUG com.intuit.karate.http.RequestCycle - POST /api/todos 200 [10 ms]
16:42:22.487 [armeria-common-worker-nio-3-15] DEBUG com.intuit.karate.http.RequestCycle - POST /api/todos 200 [8 ms]
16:42:22.505 [armeria-common-worker-nio-3-16] DEBUG com.intuit.karate.http.RequestCycle - GET /api/todos 200 [7 ms]
16:42:22.542 [armeria-common-worker-nio-3-1] DEBUG com.intuit.karate.http.RequestCycle - GET /api/reset 200 [10 ms]
16:45:47.392 [armeria-common-worker-nio-3-2] DEBUG com.intuit.karate.http.RequestCycle - POST /api/todos 200 [8 ms]
16:45:47.427 [armeria-common-worker-nio-3-3] DEBUG com.intuit.karate.http.RequestCycle - PUT /api/todos/11e83752-6fbb-4121-8e03-fd9a38f2b2a1 200 [6 ms]
16:45:47.448 [armeria-common-worker-nio-3-4] DEBUG com.intuit.karate.http.RequestCycle - DELETE /api/todos/11e83752-6fbb-4121-8e03-fd9a38f2b2a1 200 [9 ms]
16:56:19.989 [armeria-common-worker-nio-3-5] DEBUG com.intuit.karate.http.RequestCycle - POST /api/todos 200 [10 ms]
16:56:20.039 [armeria-common-worker-nio-3-6] DEBUG com.intuit.karate.http.RequestCycle - PUT /api/todos/0a773f4a-dcfc-4112-90d2-d102b42d1f05 200 [8 ms]
16:56:20.058 [armeria-common-worker-nio-3-7] DEBUG com.intuit.karate.http.RequestCycle - DELETE /api/todos/0a773f4a-dcfc-4112-90d2-d102b42d1f05 200 [9 ms]
16:58:01.791 [armeria-common-worker-nio-3-8] DEBUG com.intuit.karate.http.RequestCycle - POST /api/todos 200 [8 ms]
16:58:01.804 [armeria-common-worker-nio-3-9] DEBUG com.intuit.karate.http.RequestCycle - POST /api/todos 200 [11 ms]
16:58:01.837 [armeria-common-worker-nio-3-10] DEBUG com.intuit.karate.http.RequestCycle - PUT /api/todos/a32cc796-226c-4f4d-9b0b-abedfdbf72f3 200 [13 ms]
16:58:01.840 [armeria-common-worker-nio-3-11] DEBUG com.intuit.karate.http.RequestCycle - GET /api/todos/1788a2a3-525e-4c8e-8c26-6e3bf32ae67e 200 [7 ms]
16:58:01.855 [armeria-common-worker-nio-3-12] DEBUG com.intuit.karate.http.RequestCycle - DELETE /api/todos/a32cc796-226c-4f4d-9b0b-abedfdbf72f3 200 [8 ms]
16:58:01.859 [armeria-common-worker-nio-3-13] DEBUG com.intuit.karate.http.RequestCycle - POST /api/todos 200 [7 ms]
16:58:01.873 [armeria-common-worker-nio-3-14] DEBUG com.intuit.karate.http.RequestCycle - POST /api/todos 200 [6 ms]
16:58:01.886 [armeria-common-worker-nio-3-15] DEBUG com.intuit.karate.http.RequestCycle - GET /api/todos 200 [6 ms]
16:58:01.912 [armeria-common-worker-nio-3-16] DEBUG com.intuit.karate.http.RequestCycle - GET /api/reset 200 [7 ms]
16:59:04.601 [armeria-common-worker-nio-3-1] DEBUG com.intuit.karate.http.RequestCycle - GET / 200 [21 ms]
17:01:34.472 [armeria-common-worker-nio-3-2] DEBUG com.intuit.karate.http.RequestCycle - POST /api/todos 200 [8 ms]
17:01:34.474 [armeria-common-worker-nio-3-3] DEBUG com.intuit.karate.http.RequestCycle - POST /api/todos 200 [10 ms]
17:01:34.522 [armeria-common-worker-nio-3-4] DEBUG com.intuit.karate.http.RequestCycle - PUT /api/todos/2dda0e3e-2a37-4a9c-817a-1db5f6660874 200 [10 ms]
17:01:34.534 [armeria-common-worker-nio-3-5] DEBUG com.intuit.karate.http.RequestCycle - GET /api/todos/f8d0838f-81ef-4407-8464-93e317e9489f 200 [11 ms]
17:01:34.542 [armeria-common-worker-nio-3-6] DEBUG com.intuit.karate.http.RequestCycle - DELETE /api/todos/2dda0e3e-2a37-4a9c-817a-1db5f6660874 200 [9 ms]
17:01:34.557 [armeria-common-worker-nio-3-7] DEBUG com.intuit.karate.http.RequestCycle - POST /api/todos 200 [9 ms]
17:01:34.575 [armeria-common-worker-nio-3-8] DEBUG com.intuit.karate.http.RequestCycle - POST /api/todos 200 [6 ms]
17:01:34.591 [armeria-common-worker-nio-3-9] DEBUG com.intuit.karate.http.RequestCycle - GET /api/todos 200 [7 ms]
17:01:34.623 [armeria-common-worker-nio-3-10] DEBUG com.intuit.karate.http.RequestCycle - GET /api/reset 200 [8 ms]
17:03:39.931 [armeria-common-worker-nio-3-11] DEBUG com.intuit.karate.http.RequestCycle - POST /api/todos 200 [9 ms]
17:03:39.932 [armeria-common-worker-nio-3-12] DEBUG com.intuit.karate.http.RequestCycle - POST /api/todos 200 [10 ms]
17:03:39.979 [armeria-common-worker-nio-3-13] DEBUG com.intuit.karate.http.RequestCycle - PUT /api/todos/ba03f17c-a0b6-48a1-8a1d-d9d850573491 200 [8 ms]
17:03:39.987 [armeria-common-worker-nio-3-14] DEBUG com.intuit.karate.http.RequestCycle - GET /api/todos/b46d5fca-d2b2-48aa-890b-22669f2e1e30 200 [10 ms]
17:03:40.000 [armeria-common-worker-nio-3-15] DEBUG com.intuit.karate.http.RequestCycle - DELETE /api/todos/ba03f17c-a0b6-48a1-8a1d-d9d850573491 200 [11 ms]
17:03:40.007 [armeria-common-worker-nio-3-16] DEBUG com.intuit.karate.http.RequestCycle - POST /api/todos 200 [4 ms]
17:03:40.031 [armeria-common-worker-nio-3-1] DEBUG com.intuit.karate.http.RequestCycle - POST /api/todos 200 [9 ms]
17:03:40.043 [armeria-common-worker-nio-3-2] DEBUG com.intuit.karate.http.RequestCycle - GET /api/todos 200 [5 ms]
17:03:40.068 [armeria-common-worker-nio-3-3] DEBUG com.intuit.karate.http.RequestCycle - GET /api/reset 200 [5 ms]
10:42:10.070 [armeria-common-worker-nio-3-4] DEBUG com.intuit.karate.http.RequestCycle - GET / 200 [51 ms]
10:42:22.905 [armeria-common-worker-nio-3-5] DEBUG com.intuit.karate.http.RequestCycle - POST /api/todos 200 [7 ms]
10:42:22.907 [armeria-common-worker-nio-3-6] DEBUG com.intuit.karate.http.RequestCycle - POST /api/todos 200 [9 ms]
10:42:22.957 [armeria-common-worker-nio-3-7] DEBUG com.intuit.karate.http.RequestCycle - PUT /api/todos/6d67f0d3-e9d4-4cc8-bcc8-c754386400fb 200 [10 ms]
10:42:22.965 [armeria-common-worker-nio-3-8] DEBUG com.intuit.karate.http.RequestCycle - GET /api/todos/2225c353-cd30-4b0a-96a9-14d7a7251be5 200 [10 ms]
10:42:22.978 [armeria-common-worker-nio-3-9] DEBUG com.intuit.karate.http.RequestCycle - DELETE /api/todos/6d67f0d3-e9d4-4cc8-bcc8-c754386400fb 200 [9 ms]
10:42:22.985 [armeria-common-worker-nio-3-10] DEBUG com.intuit.karate.http.RequestCycle - POST /api/todos 200 [9 ms]
10:42:23.005 [armeria-common-worker-nio-3-11] DEBUG com.intuit.karate.http.RequestCycle - POST /api/todos 200 [8 ms]
10:42:23.019 [armeria-common-worker-nio-3-12] DEBUG com.intuit.karate.http.RequestCycle - GET /api/todos 200 [6 ms]
10:42:23.049 [armeria-common-worker-nio-3-13] DEBUG com.intuit.karate.http.RequestCycle - GET /api/reset 200 [9 ms]
10:42:51.146 [armeria-common-worker-nio-3-14] DEBUG com.intuit.karate.http.RequestCycle - GET / 200 [25 ms]
10:42:57.402 [armeria-common-worker-nio-3-15] DEBUG com.intuit.karate.http.RequestCycle - POST /api/todos 200 [7 ms]
10:42:57.404 [armeria-common-worker-nio-3-16] DEBUG com.intuit.karate.http.RequestCycle - POST /api/todos 200 [9 ms]
10:42:57.452 [armeria-common-worker-nio-3-1] DEBUG com.intuit.karate.http.RequestCycle - PUT /api/todos/6bfc4feb-55d2-4289-8d07-687a5195a5b9 200 [9 ms]
10:42:57.465 [armeria-common-worker-nio-3-2] DEBUG com.intuit.karate.http.RequestCycle - GET /api/todos/c92d28c5-2d4d-44f7-8329-91881661c315 200 [10 ms]
10:42:57.470 [armeria-common-worker-nio-3-3] DEBUG com.intuit.karate.http.RequestCycle - DELETE /api/todos/6bfc4feb-55d2-4289-8d07-687a5195a5b9 200 [7 ms]
10:42:57.483 [armeria-common-worker-nio-3-4] DEBUG com.intuit.karate.http.RequestCycle - POST /api/todos 200 [7 ms]
10:42:57.499 [armeria-common-worker-nio-3-5] DEBUG com.intuit.karate.http.RequestCycle - POST /api/todos 200 [6 ms]
10:42:57.512 [armeria-common-worker-nio-3-6] DEBUG com.intuit.karate.http.RequestCycle - GET /api/todos 200 [6 ms]
10:42:57.557 [armeria-common-worker-nio-3-7] DEBUG com.intuit.karate.http.RequestCycle - GET /api/reset 200 [7 ms]
12:04:47.855 [armeria-common-worker-nio-3-8] DEBUG com.intuit.karate.http.RequestCycle - GET / 200 [124 ms]
15:12:33.422 [armeria-common-worker-nio-3-9] DEBUG com.intuit.karate.http.RequestCycle - POST /api/todos 200 [85 ms]
15:12:33.424 [armeria-common-worker-nio-3-10] DEBUG com.intuit.karate.http.RequestCycle - POST /api/todos 200 [87 ms]
15:12:33.487 [armeria-common-worker-nio-3-12] DEBUG com.intuit.karate.http.RequestCycle - GET /api/todos/199678c3-11aa-4bc3-8daf-5a13ad8df067 200 [15 ms]
15:12:33.492 [armeria-common-worker-nio-3-11] DEBUG com.intuit.karate.http.RequestCycle - PUT /api/todos/7f2b99bc-4d30-43d9-88a9-83608315e431 200 [18 ms]
15:12:33.524 [armeria-common-worker-nio-3-13] DEBUG com.intuit.karate.http.RequestCycle - POST /api/todos 200 [15 ms]
15:12:33.533 [armeria-common-worker-nio-3-14] DEBUG com.intuit.karate.http.RequestCycle - DELETE /api/todos/7f2b99bc-4d30-43d9-88a9-83608315e431 200 [18 ms]
15:12:33.550 [armeria-common-worker-nio-3-15] DEBUG com.intuit.karate.http.RequestCycle - POST /api/todos 200 [12 ms]
15:12:33.570 [armeria-common-worker-nio-3-16] DEBUG com.intuit.karate.http.RequestCycle - GET /api/todos 200 [8 ms]
15:12:33.615 [armeria-common-worker-nio-3-1] DEBUG com.intuit.karate.http.RequestCycle - GET /api/reset 200 [14 ms]
15:12:38.552 [armeria-common-worker-nio-3-2] DEBUG com.intuit.karate.http.RequestCycle - GET / 200 [38 ms]
